15:58:06.601 [JavaFX Application Thread] INFO  com.simple2secure.probe.gui.ProbeGUI - SERVER REACHABLE!
15:58:06.621 [JavaFX Application Thread] DEBUG org.jboss.logging - Logging Provider: org.jboss.logging.Slf4jLoggerProvider
15:58:06.720 [JavaFX Application Thread] INFO  o.h.jpa.internal.util.LogHelper - HHH000204: Processing PersistenceUnitInfo [
	name: s2s
	...]
15:58:06.760 [JavaFX Application Thread] INFO  org.hibernate.Version - HHH000412: Hibernate Core {5.0.7.Final}
15:58:06.761 [JavaFX Application Thread] INFO  org.hibernate.cfg.Environment - HHH000206: hibernate.properties not found
15:58:06.762 [JavaFX Application Thread] INFO  org.hibernate.cfg.Environment - HHH000021: Bytecode provider name : javassist
15:58:06.789 [JavaFX Application Thread] INFO  o.h.annotations.common.Version - HCANN000001: Hibernate Commons Annotations {5.0.1.Final}
15:58:06.888 [JavaFX Application Thread] WARN  org.hibernate.orm.connections - HHH10001002: Using Hibernate built-in connection pool (not for production use!)
15:58:06.891 [JavaFX Application Thread] INFO  org.hibernate.orm.connections - HHH10001005: using driver [org.h2.Driver] at URL [jdbc:h2:file:~/s2sDb/s2sProbeDB]
15:58:06.891 [JavaFX Application Thread] INFO  org.hibernate.orm.connections - HHH10001001: Connection properties: {user=admin, password=****}
15:58:06.891 [JavaFX Application Thread] INFO  org.hibernate.orm.connections - HHH10001003: Autocommit mode: false
15:58:06.893 [JavaFX Application Thread] INFO  o.h.e.j.c.i.DriverManagerConnectionProviderImpl - HHH000115: Hibernate connection pool size: 20 (min=1)
15:58:07.008 [JavaFX Application Thread] INFO  org.hibernate.dialect.Dialect - HHH000400: Using dialect: org.hibernate.dialect.H2Dialect
15:58:07.372 [JavaFX Application Thread] INFO  o.h.tool.hbm2ddl.SchemaUpdate - HHH000228: Running hbm2ddl schema update
15:58:07.548 [JavaFX Application Thread] DEBUG com.simple2secure.probe.utils.DBUtil - Database successfully instantiated
15:58:07.669 [JavaFX Application Thread] INFO  o.h.h.i.QueryTranslatorFactoryInitiator - HHH000397: Using ASTQueryTranslatorFactory
15:58:13.132 [JavaFX Application Thread] DEBUG c.s.probe.gui.ProbeWorkerThread - ProbeWorkerThread running
15:58:13.179 [JavaFX Application Thread] INFO  org.pcap4j.core.NativeMappings - Pcap4J successfully loaded a native pcap library: Npcap version 0.99-r7, based on libpcap version 1.8.1
15:58:13.426 [JavaFX Application Thread] INFO  org.pcap4j.util.PropertiesLoader - [org/pcap4j/pcap4j.properties] Could not get value by org.pcap4j.af.inet, use default value: 2
15:58:13.426 [JavaFX Application Thread] INFO  org.pcap4j.util.PropertiesLoader - [org/pcap4j/pcap4j.properties] Could not get value by org.pcap4j.af.inet6, use default value: 23
15:58:13.426 [JavaFX Application Thread] INFO  org.pcap4j.util.PropertiesLoader - [org/pcap4j/pcap4j.properties] Could not get value by org.pcap4j.af.packet, use default value: 17
15:58:13.426 [JavaFX Application Thread] INFO  org.pcap4j.util.PropertiesLoader - [org/pcap4j/pcap4j.properties] Could not get value by org.pcap4j.af.link, use default value: 18
15:58:13.438 [JavaFX Application Thread] INFO  org.pcap4j.core.Pcaps - 10 NIF(s) found.
15:58:13.455 [JavaFX Application Thread] DEBUG c.s.probe.config.ProbeConfiguration - DB config not available, reading config from file. Should only happen once.
15:58:13.483 [JavaFX Application Thread] DEBUG com.simple2secure.probe.utils.DBUtil - Object of type com.simple2secure.api.model.Config successfully stored in database
15:58:18.709 [JavaFX Application Thread] ERROR c.simple2secure.probe.utils.APIUtils - Couldn 't send POST to URL https://localhost:8443/api/license/token with response because of execption [sun.net.www.protocol.http.HttpURLConnection.getInputStream0(Unknown Source), sun.net.www.protocol.http.HttpURLConnection.getInputStream(Unknown Source), sun.net.www.protocol.https.HttpsURLConnectionImpl.getInputStream(Unknown Source), com.simple2secure.probe.utils.APIUtils.sendPostWithResponse(APIUtils.java:84), com.simple2secure.probe.config.ProbeConfiguration.checkTokenValidity(ProbeConfiguration.java:307), com.simple2secure.probe.config.ProbeConfiguration.checkConfig(ProbeConfiguration.java:208), com.simple2secure.probe.config.ProbeConfiguration.getConfig(ProbeConfiguration.java:191), com.simple2secure.probe.config.ProbeConfiguration.<init>(ProbeConfiguration.java:87), com.simple2secure.probe.config.ProbeConfiguration.getInstance(ProbeConfiguration.java:74), com.simple2secure.probe.network.NetworkMonitor.initMonitor(NetworkMonitor.java:61), com.simple2secure.probe.network.NetworkMonitor.<init>(NetworkMonitor.java:47), com.simple2secure.probe.network.NetworkMonitor.startMonitor(NetworkMonitor.java:41), com.simple2secure.probe.gui.ProbeWorkerThread.run(ProbeWorkerThread.java:31), com.simple2secure.probe.gui.ProbeGUI.initRootPane(ProbeGUI.java:201), com.simple2secure.probe.gui.controller.LicenseController.handleLicenseImport(LicenseController.java:136), sun.reflect.NativeMethodAccessorImpl.invoke0(Native Method), sun.reflect.NativeMethodAccessorImpl.invoke(Unknown Source), sun.reflect.DelegatingMethodAccessorImpl.invoke(Unknown Source), java.lang.reflect.Method.invoke(Unknown Source), sun.reflect.misc.Trampoline.invoke(Unknown Source), sun.reflect.GeneratedMethodAccessor1.invoke(Unknown Source), sun.reflect.DelegatingMethodAccessorImpl.invoke(Unknown Source), java.lang.reflect.Method.invoke(Unknown Source), sun.reflect.misc.MethodUtil.invoke(Unknown Source), javafx.fxml.FXMLLoader$MethodHandler.invoke(FXMLLoader.java:1769), javafx.fxml.FXMLLoader$ControllerMethodEventHandler.handle(FXMLLoader.java:1657), com.sun.javafx.event.CompositeEventHandler.dispatchBubblingEvent(CompositeEventHandler.java:86), com.sun.javafx.event.EventHandlerManager.dispatchBubblingEvent(EventHandlerManager.java:238), com.sun.javafx.event.EventHandlerManager.dispatchBubblingEvent(EventHandlerManager.java:191), com.sun.javafx.event.CompositeEventDispatcher.dispatchBubblingEvent(CompositeEventDispatcher.java:59), com.sun.javafx.event.BasicEventDispatcher.dispatchEvent(BasicEventDispatcher.java:58), com.sun.javafx.event.EventDispatchChainImpl.dispatchEvent(EventDispatchChainImpl.java:114), com.sun.javafx.event.BasicEventDispatcher.dispatchEvent(BasicEventDispatcher.java:56), com.sun.javafx.event.EventDispatchChainImpl.dispatchEvent(EventDispatchChainImpl.java:114), com.sun.javafx.event.BasicEventDispatcher.dispatchEvent(BasicEventDispatcher.java:56), com.sun.javafx.event.EventDispatchChainImpl.dispatchEvent(EventDispatchChainImpl.java:114), com.sun.javafx.event.EventUtil.fireEventImpl(EventUtil.java:74), com.sun.javafx.event.EventUtil.fireEvent(EventUtil.java:49), javafx.event.Event.fireEvent(Event.java:198), javafx.scene.Node.fireEvent(Node.java:8413), javafx.scene.control.Button.fire(Button.java:185), com.sun.javafx.scene.control.behavior.ButtonBehavior.mouseReleased(ButtonBehavior.java:182), com.sun.javafx.scene.control.skin.BehaviorSkinBase$1.handle(BehaviorSkinBase.java:96), com.sun.javafx.scene.control.skin.BehaviorSkinBase$1.handle(BehaviorSkinBase.java:89), com.sun.javafx.event.CompositeEventHandler$NormalEventHandlerRecord.handleBubblingEvent(CompositeEventHandler.java:218), com.sun.javafx.event.CompositeEventHandler.dispatchBubblingEvent(CompositeEventHandler.java:80), com.sun.javafx.event.EventHandlerManager.dispatchBubblingEvent(EventHandlerManager.java:238), com.sun.javafx.event.EventHandlerManager.dispatchBubblingEvent(EventHandlerManager.java:191), com.sun.javafx.event.CompositeEventDispatcher.dispatchBubblingEvent(CompositeEventDispatcher.java:59), com.sun.javafx.event.BasicEventDispatcher.dispatchEvent(BasicEventDispatcher.java:58), com.sun.javafx.event.EventDispatchChainImpl.dispatchEvent(EventDispatchChainImpl.java:114), com.sun.javafx.event.BasicEventDispatcher.dispatchEvent(BasicEventDispatcher.java:56), com.sun.javafx.event.EventDispatchChainImpl.dispatchEvent(EventDispatchChainImpl.java:114), com.sun.javafx.event.BasicEventDispatcher.dispatchEvent(BasicEventDispatcher.java:56), com.sun.javafx.event.EventDispatchChainImpl.dispatchEvent(EventDispatchChainImpl.java:114), com.sun.javafx.event.EventUtil.fireEventImpl(EventUtil.java:74), com.sun.javafx.event.EventUtil.fireEvent(EventUtil.java:54), javafx.event.Event.fireEvent(Event.java:198), javafx.scene.Scene$MouseHandler.process(Scene.java:3757), javafx.scene.Scene$MouseHandler.access$1500(Scene.java:3485), javafx.scene.Scene.impl_processMouseEvent(Scene.java:1762), javafx.scene.Scene$ScenePeerListener.mouseEvent(Scene.java:2494), com.sun.javafx.tk.quantum.GlassViewEventHandler$MouseEventNotification.run(GlassViewEventHandler.java:394), com.sun.javafx.tk.quantum.GlassViewEventHandler$MouseEventNotification.run(GlassViewEventHandler.java:295), java.security.AccessController.doPrivileged(Native Method), com.sun.javafx.tk.quantum.GlassViewEventHandler.lambda$handleMouseEvent$353(GlassViewEventHandler.java:432), com.sun.javafx.tk.quantum.QuantumToolkit.runWithoutRenderLock(QuantumToolkit.java:389), com.sun.javafx.tk.quantum.GlassViewEventHandler.handleMouseEvent(GlassViewEventHandler.java:431), com.sun.glass.ui.View.handleMouseEvent(View.java:555), com.sun.glass.ui.View.notifyMouse(View.java:937), com.sun.glass.ui.win.WinApplication._runLoop(Native Method), com.sun.glass.ui.win.WinApplication.lambda$null$147(WinApplication.java:177), java.lang.Thread.run(Unknown Source)]
15:58:18.978 [JavaFX Application Thread] ERROR c.simple2secure.probe.utils.PcapUtil - Trying to use address 192.168.56.1 for pinging remote address failed Network is unreachable: connect
15:58:19.234 [JavaFX Application Thread] INFO  org.pcap4j.util.PropertiesLoader - [org/pcap4j/pcap4j.properties] Could not get value by org.pcap4j.dlt.raw, use default value: 12
15:58:19.246 [Thread-11] INFO  org.pcap4j.core.PcapHandle - Starting loop.
15:58:19.261 [Timer-0] INFO  c.s.probe.scheduler.NetworkScheduler - SERVER REACHABLE!
15:58:19.277 [Timer-0] DEBUG com.simple2secure.probe.utils.DBUtil - Object of type com.simple2secure.api.model.NetworkReport successfully stored in database
15:58:19.378 [Thread-11] INFO  o.p.packet.factory.PacketFactories - Succeeded in FactoryBinder.getInstance()
15:58:19.889 [pool-5-thread-2] DEBUG com.simple2secure.probe.utils.DBUtil - Object of type com.simple2secure.api.model.Report successfully stored in database
15:58:19.908 [pool-5-thread-1] DEBUG com.simple2secure.probe.utils.DBUtil - Object of type com.simple2secure.api.model.Report successfully stored in database
